<?xml version="1.0" encoding="UTF-8"?>
<!-- Generated by org.testng.reporters.JUnitReportReporter -->
<testsuite hostname="DESKTOP-CRCM71H" failures="0" tests="2" name="Patient.Create" time="0.013" errors="0" timestamp="2024-01-23T14:47:26 IST" skipped="0">
  <testcase classname="Patient.Create" name="delete" time="0.004"/>
  <system-out>
    <![CDATA[deleted]]>
  </system-out>
  <testcase classname="Patient.Create" name="create" time="0.009"/>
  <system-out>
    <![CDATA[created]]>
  </system-out>
</testsuite> <!-- Patient.Create -->
