<?xml version="1.0" encoding="UTF-8"?>
<!-- Generated by org.testng.reporters.JUnitReportReporter -->
<testsuite hostname="DESKTOP-CRCM71H" failures="0" tests="7" name="Patient.ReadFromExcel" time="0.032" errors="0" timestamp="2024-01-17T09:32:02 IST" skipped="0">
  <testcase classname="Patient.ReadFromExcel" name="run" time="0.004"/>
  <system-out/>
  <testcase classname="Patient.ReadFromExcel" name="run" time="0.008"/>
  <system-out/>
  <testcase classname="Patient.ReadFromExcel" name="run" time="0.002"/>
  <system-out/>
  <testcase classname="Patient.ReadFromExcel" name="run" time="0.005"/>
  <system-out/>
  <testcase classname="Patient.ReadFromExcel" name="run" time="0.005"/>
  <system-out/>
  <testcase classname="Patient.ReadFromExcel" name="run" time="0.004"/>
  <system-out/>
  <testcase classname="Patient.ReadFromExcel" name="run" time="0.004"/>
  <system-out/>
</testsuite> <!-- Patient.ReadFromExcel -->
