<?xml version="1.0" encoding="UTF-8"?>
<!-- Generated by org.testng.reporters.JUnitReportReporter -->
<testsuite hostname="DESKTOP-CRCM71H" failures="0" tests="2" name="Patient.Modify" time="0.040" errors="0" timestamp="2024-01-23T14:47:26 IST" skipped="0">
  <testcase classname="Patient.Modify" name="update" time="0.032"/>
  <system-out>
    <![CDATA[update]]>
  </system-out>
  <testcase classname="Patient.Modify" name="modify" time="0.008"/>
  <system-out>
    <![CDATA[modify]]>
  </system-out>
</testsuite> <!-- Patient.Modify -->
