<?xml version="1.0" encoding="UTF-8"?>
<!-- Generated by org.testng.reporters.JUnitReportReporter -->
<testsuite hostname="DESKTOP-CRCM71H" failures="0" tests="1" name="Patient.BookAppointment" time="57.504" errors="0" timestamp="2024-01-23T13:25:47 IST" skipped="0">
  <testcase classname="Patient.BookAppointment" name="bookAppointment" time="57.504"/>
  <system-out>
    <![CDATA[bookAppointmentExecution started
bookAppointmentExecuted successfully]]>
  </system-out>
</testsuite> <!-- Patient.BookAppointment -->
