<?xml version="1.0" encoding="UTF-8"?>
<!-- Generated by org.testng.reporters.JUnitReportReporter -->
<testsuite hostname="DESKTOP-CRCM71H" failures="0" tests="2" name="Patient.AnnotationsExample" time="0.035" errors="0" timestamp="2024-01-17T12:02:14 IST" skipped="0">
  <testcase classname="Patient.AnnotationsExample" name="modify" time="0.017"/>
  <system-out>
    <![CDATA[modified]]>
  </system-out>
  <testcase classname="Patient.AnnotationsExample" name="create" time="0.018"/>
  <system-out>
    <![CDATA[create]]>
  </system-out>
</testsuite> <!-- Patient.AnnotationsExample -->
