<?xml version="1.0" encoding="UTF-8"?>
<!-- Generated by org.testng.reporters.JUnitReportReporter -->
<testsuite hostname="DESKTOP-CRCM71H" failures="0" tests="1" name="Admin.AddDoctor" time="42.680" errors="0" timestamp="2024-01-23T13:25:47 IST" skipped="0">
  <testcase classname="Admin.AddDoctor" name="addDoctor" time="42.680"/>
  <system-out>
    <![CDATA[addDoctorExecution started
addDoctorExecuted successfully]]>
  </system-out>
</testsuite> <!-- Admin.AddDoctor -->
