<?xml version="1.0" encoding="UTF-8"?>
<!-- Generated by org.testng.reporters.JUnitReportReporter -->
<testsuite hostname="DESKTOP-CRCM71H" failures="0" tests="7" name="Patient.UtiliseDataProvider" time="0.020" errors="0" timestamp="2024-01-16T18:05:49 IST" skipped="0">
  <testcase classname="Patient.UtiliseDataProvider" name="run" time="0.006"/>
  <system-out/>
  <testcase classname="Patient.UtiliseDataProvider" name="run" time="0.002"/>
  <system-out/>
  <testcase classname="Patient.UtiliseDataProvider" name="run" time="0.002"/>
  <system-out/>
  <testcase classname="Patient.UtiliseDataProvider" name="run" time="0.003"/>
  <system-out/>
  <testcase classname="Patient.UtiliseDataProvider" name="run" time="0.002"/>
  <system-out/>
  <testcase classname="Patient.UtiliseDataProvider" name="run" time="0.003"/>
  <system-out/>
  <testcase classname="Patient.UtiliseDataProvider" name="run" time="0.002"/>
  <system-out/>
</testsuite> <!-- Patient.UtiliseDataProvider -->
